<?xml version="1.0" encoding="UTF-8"?>
<coverage generated="1728061827043" clover="3.2.0">
  <project timestamp="1728061827043" name="All files">
    <metrics statements="45" coveredstatements="7" conditionals="40" coveredconditionals="4" methods="10" coveredmethods="1" elements="95" coveredelements="12" complexity="0" loc="45" ncloc="45" packages="7" files="7" classes="7"/>
    <package name="Button">
      <metrics statements="4" coveredstatements="4" conditionals="4" coveredconditionals="4" methods="1" coveredmethods="1"/>
      <file name="index.tsx" path="C:\design_systems\AuraKitUI\src\components\Button\index.tsx">
        <metrics statements="4" coveredstatements="4" conditionals="4" coveredconditionals="4" methods="1" coveredmethods="1"/>
        <line num="1" count="1" type="stmt"/>
        <line num="2" count="1" type="stmt"/>
        <line num="14" count="1" type="stmt"/>
        <line num="22" count="10" type="stmt"/>
      </file>
    </package>
    <package name="Button.types">
      <metrics statements="3" coveredstatements="3" conditionals="0" coveredconditionals="0" methods="0" coveredmethods="0"/>
      <file name="index.ts" path="C:\design_systems\AuraKitUI\src\components\Button\types\index.ts">
        <metrics statements="3" coveredstatements="3" conditionals="0" coveredconditionals="0" methods="0" coveredmethods="0"/>
        <line num="1" count="1" type="stmt"/>
        <line num="3" count="1" type="stmt"/>
        <line num="24" count="1" type="stmt"/>
      </file>
    </package>
    <package name="Icon">
      <metrics statements="4" coveredstatements="0" conditionals="5" coveredconditionals="0" methods="1" coveredmethods="0"/>
      <file name="index.tsx" path="C:\design_systems\AuraKitUI\src\components\Icon\index.tsx">
        <metrics statements="4" coveredstatements="0" conditionals="5" coveredconditionals="0" methods="1" coveredmethods="0"/>
        <line num="2" count="0" type="stmt"/>
        <line num="12" count="0" type="stmt"/>
        <line num="19" count="0" type="stmt"/>
        <line num="21" count="0" type="cond" truecount="0" falsecount="2"/>
      </file>
    </package>
    <package name="IconButton">
      <metrics statements="8" coveredstatements="0" conditionals="9" coveredconditionals="0" methods="1" coveredmethods="0"/>
      <file name="index.tsx" path="C:\design_systems\AuraKitUI\src\components\IconButton\index.tsx">
        <metrics statements="8" coveredstatements="0" conditionals="9" coveredconditionals="0" methods="1" coveredmethods="0"/>
        <line num="1" count="0" type="stmt"/>
        <line num="2" count="0" type="stmt"/>
        <line num="4" count="0" type="stmt"/>
        <line num="16" count="0" type="stmt"/>
        <line num="25" count="0" type="stmt"/>
        <line num="46" count="0" type="stmt"/>
        <line num="67" count="0" type="cond" truecount="0" falsecount="2"/>
        <line num="73" count="0" type="stmt"/>
      </file>
    </package>
    <package name="Input">
      <metrics statements="8" coveredstatements="0" conditionals="15" coveredconditionals="0" methods="2" coveredmethods="0"/>
      <file name="index.tsx" path="C:\design_systems\AuraKitUI\src\components\Input\index.tsx">
        <metrics statements="8" coveredstatements="0" conditionals="15" coveredconditionals="0" methods="2" coveredmethods="0"/>
        <line num="1" count="0" type="stmt"/>
        <line num="2" count="0" type="stmt"/>
        <line num="3" count="0" type="stmt"/>
        <line num="20" count="0" type="stmt"/>
        <line num="34" count="0" type="stmt"/>
        <line num="35" count="0" type="stmt"/>
        <line num="36" count="0" type="stmt"/>
        <line num="38" count="0" type="stmt"/>
      </file>
    </package>
    <package name="Navbar">
      <metrics statements="5" coveredstatements="0" conditionals="5" coveredconditionals="0" methods="1" coveredmethods="0"/>
      <file name="index.tsx" path="C:\design_systems\AuraKitUI\src\components\Navbar\index.tsx">
        <metrics statements="5" coveredstatements="0" conditionals="5" coveredconditionals="0" methods="1" coveredmethods="0"/>
        <line num="1" count="0" type="stmt"/>
        <line num="2" count="0" type="stmt"/>
        <line num="3" count="0" type="stmt"/>
        <line num="14" count="0" type="stmt"/>
        <line num="31" count="0" type="stmt"/>
      </file>
    </package>
    <package name="SpeedDial">
      <metrics statements="13" coveredstatements="0" conditionals="2" coveredconditionals="0" methods="4" coveredmethods="0"/>
      <file name="index.tsx" path="C:\design_systems\AuraKitUI\src\components\SpeedDial\index.tsx">
        <metrics statements="13" coveredstatements="0" conditionals="2" coveredconditionals="0" methods="4" coveredmethods="0"/>
        <line num="1" count="0" type="stmt"/>
        <line num="2" count="0" type="stmt"/>
        <line num="3" count="0" type="stmt"/>
        <line num="8" count="0" type="stmt"/>
        <line num="10" count="0" type="stmt"/>
        <line num="25" count="0" type="stmt"/>
        <line num="31" count="0" type="stmt"/>
        <line num="32" count="0" type="stmt"/>
        <line num="33" count="0" type="stmt"/>
        <line num="35" count="0" type="stmt"/>
        <line num="52" count="0" type="stmt"/>
        <line num="54" count="0" type="stmt"/>
        <line num="80" count="0" type="stmt"/>
      </file>
    </package>
  </project>
</coverage>
