{"C:\\design_systems\\AuraKitUI\\src\\components\\Button\\index.tsx": {"path":"C:\\design_systems\\AuraKitUI\\src\\components\\Button\\index.tsx","statementMap":{"0":{"start":{"line":1,"column":0},"end":{"line":1,"column":57}},"1":{"start":{"line":2,"column":0},"end":{"line":2,"column":55}},"2":{"start":{"line":14,"column":22},"end":{"line":38,"column":1}},"3":{"start":{"line":22,"column":2},"end":{"line":37,"column":4}},"4":{"start":{"line":14,"column":13},"end":{"line":14,"column":22}}},"fnMap":{"0":{"name":"(anonymous_0)","decl":{"start":{"line":14,"column":22},"end":{"line":14,"column":23}},"loc":{"start":{"line":21,"column":12},"end":{"line":38,"column":1}}}},"branchMap":{"0":{"loc":{"start":{"line":18,"column":2},"end":{"line":18,"column":18}},"type":"default-arg","locations":[{"start":{"line":18,"column":9},"end":{"line":18,"column":18}}]},"1":{"loc":{"start":{"line":19,"column":2},"end":{"line":19,"column":12}},"type":"default-arg","locations":[{"start":{"line":19,"column":10},"end":{"line":19,"column":12}}]},"2":{"loc":{"start":{"line":28,"column":12},"end":{"line":28,"column":64}},"type":"cond-expr","locations":[{"start":{"line":28,"column":23},"end":{"line":28,"column":46}},{"start":{"line":28,"column":49},"end":{"line":28,"column":64}}]}},"s":{"0":1,"1":1,"2":1,"3":10,"4":1},"f":{"0":10},"b":{"0":[7],"1":[9],"2":[1,9]}}
,"C:\\design_systems\\AuraKitUI\\src\\components\\Button\\types\\index.ts": {"path":"C:\\design_systems\\AuraKitUI\\src\\components\\Button\\types\\index.ts","statementMap":{"0":{"start":{"line":1,"column":0},"end":{"line":1,"column":47}},"1":{"start":{"line":3,"column":13},"end":{"line":22,"column":2}},"2":{"start":{"line":24,"column":13},"end":{"line":43,"column":2}}},"fnMap":{},"branchMap":{},"s":{"0":1,"1":1,"2":1},"f":{},"b":{}}
,"C:\\design_systems\\AuraKitUI\\src\\components\\Icon\\index.tsx": {"path":"C:\\design_systems\\AuraKitUI\\src\\components\\Icon\\index.tsx","statementMap":{"0":{"start":{"line":2,"column":0},"end":{"line":2,"column":67}},"1":{"start":{"line":12,"column":20},"end":{"line":33,"column":1}},"2":{"start":{"line":19,"column":24},"end":{"line":19,"column":49}},"3":{"start":{"line":21,"column":2},"end":{"line":32,"column":4}},"4":{"start":{"line":12,"column":13},"end":{"line":12,"column":20}}},"fnMap":{"0":{"name":"(anonymous_0)","decl":{"start":{"line":12,"column":20},"end":{"line":12,"column":21}},"loc":{"start":{"line":18,"column":16},"end":{"line":33,"column":1}}}},"branchMap":{"0":{"loc":{"start":{"line":14,"column":2},"end":{"line":14,"column":11}},"type":"default-arg","locations":[{"start":{"line":14,"column":9},"end":{"line":14,"column":11}}]},"1":{"loc":{"start":{"line":15,"column":2},"end":{"line":15,"column":17}},"type":"default-arg","locations":[{"start":{"line":15,"column":10},"end":{"line":15,"column":17}}]},"2":{"loc":{"start":{"line":17,"column":2},"end":{"line":17,"column":12}},"type":"default-arg","locations":[{"start":{"line":17,"column":10},"end":{"line":17,"column":12}}]},"3":{"loc":{"start":{"line":21,"column":9},"end":{"line":31,"column":null}},"type":"cond-expr","locations":[{"start":{"line":22,"column":4},"end":{"line":28,"column":null}},{"start":{"line":31,"column":4},"end":{"line":31,"column":34}}]}},"s":{"0":0,"1":0,"2":0,"3":0,"4":0},"f":{"0":0},"b":{"0":[0],"1":[0],"2":[0],"3":[0,0]}}
,"C:\\design_systems\\AuraKitUI\\src\\components\\IconButton\\index.tsx": {"path":"C:\\design_systems\\AuraKitUI\\src\\components\\IconButton\\index.tsx","statementMap":{"0":{"start":{"line":1,"column":0},"end":{"line":1,"column":60}},"1":{"start":{"line":2,"column":0},"end":{"line":2,"column":31}},"2":{"start":{"line":4,"column":0},"end":{"line":4,"column":44}},"3":{"start":{"line":16,"column":26},"end":{"line":89,"column":1}},"4":{"start":{"line":25,"column":36},"end":{"line":44,"column":4}},"5":{"start":{"line":46,"column":34},"end":{"line":65,"column":4}},"6":{"start":{"line":67,"column":25},"end":{"line":71,"column":43}},"7":{"start":{"line":73,"column":2},"end":{"line":88,"column":4}},"8":{"start":{"line":16,"column":13},"end":{"line":16,"column":26}}},"fnMap":{"0":{"name":"(anonymous_0)","decl":{"start":{"line":16,"column":26},"end":{"line":16,"column":27}},"loc":{"start":{"line":24,"column":22},"end":{"line":89,"column":1}}}},"branchMap":{"0":{"loc":{"start":{"line":21,"column":2},"end":{"line":21,"column":18}},"type":"default-arg","locations":[{"start":{"line":21,"column":9},"end":{"line":21,"column":18}}]},"1":{"loc":{"start":{"line":22,"column":2},"end":{"line":22,"column":18}},"type":"default-arg","locations":[{"start":{"line":22,"column":13},"end":{"line":22,"column":18}}]},"2":{"loc":{"start":{"line":23,"column":2},"end":{"line":23,"column":12}},"type":"default-arg","locations":[{"start":{"line":23,"column":10},"end":{"line":23,"column":12}}]},"3":{"loc":{"start":{"line":67,"column":25},"end":{"line":71,"column":43}},"type":"cond-expr","locations":[{"start":{"line":68,"column":6},"end":{"line":68,"column":15}},{"start":{"line":69,"column":6},"end":{"line":71,"column":43}}]},"4":{"loc":{"start":{"line":69,"column":6},"end":{"line":71,"column":43}},"type":"cond-expr","locations":[{"start":{"line":70,"column":6},"end":{"line":70,"column":41}},{"start":{"line":71,"column":6},"end":{"line":71,"column":43}}]},"5":{"loc":{"start":{"line":76,"column":12},"end":{"line":78,"column":43}},"type":"cond-expr","locations":[{"start":{"line":77,"column":12},"end":{"line":77,"column":41}},{"start":{"line":78,"column":12},"end":{"line":78,"column":43}}]}},"s":{"0":0,"1":0,"2":0,"3":0,"4":0,"5":0,"6":0,"7":0,"8":0},"f":{"0":0},"b":{"0":[0],"1":[0],"2":[0],"3":[0,0],"4":[0,0],"5":[0,0]}}
,"C:\\design_systems\\AuraKitUI\\src\\components\\Input\\index.tsx": {"path":"C:\\design_systems\\AuraKitUI\\src\\components\\Input\\index.tsx","statementMap":{"0":{"start":{"line":1,"column":0},"end":{"line":1,"column":58}},"1":{"start":{"line":2,"column":0},"end":{"line":2,"column":40}},"2":{"start":{"line":3,"column":0},"end":{"line":3,"column":31}},"3":{"start":{"line":20,"column":21},"end":{"line":94,"column":1}},"4":{"start":{"line":34,"column":42},"end":{"line":34,"column":57}},"5":{"start":{"line":35,"column":34},"end":{"line":37,"column":3}},"6":{"start":{"line":36,"column":4},"end":{"line":36,"column":35}},"7":{"start":{"line":38,"column":2},"end":{"line":93,"column":4}},"8":{"start":{"line":20,"column":13},"end":{"line":20,"column":21}}},"fnMap":{"0":{"name":"(anonymous_0)","decl":{"start":{"line":20,"column":21},"end":{"line":20,"column":22}},"loc":{"start":{"line":33,"column":12},"end":{"line":94,"column":1}}},"1":{"name":"(anonymous_1)","decl":{"start":{"line":35,"column":34},"end":{"line":35,"column":37}},"loc":{"start":{"line":35,"column":39},"end":{"line":37,"column":3}}}},"branchMap":{"0":{"loc":{"start":{"line":25,"column":2},"end":{"line":25,"column":28}},"type":"default-arg","locations":[{"start":{"line":25,"column":21},"end":{"line":25,"column":28}}]},"1":{"loc":{"start":{"line":27,"column":2},"end":{"line":27,"column":31}},"type":"default-arg","locations":[{"start":{"line":27,"column":26},"end":{"line":27,"column":31}}]},"2":{"loc":{"start":{"line":29,"column":2},"end":{"line":29,"column":29}},"type":"default-arg","locations":[{"start":{"line":29,"column":22},"end":{"line":29,"column":29}}]},"3":{"loc":{"start":{"line":43,"column":12},"end":{"line":43,"column":77}},"type":"cond-expr","locations":[{"start":{"line":43,"column":35},"end":{"line":43,"column":69}},{"start":{"line":43,"column":73},"end":{"line":43,"column":77}}]},"4":{"loc":{"start":{"line":43,"column":35},"end":{"line":43,"column":69}},"type":"cond-expr","locations":[{"start":{"line":43,"column":50},"end":{"line":43,"column":56}},{"start":{"line":43,"column":59},"end":{"line":43,"column":69}}]},"5":{"loc":{"start":{"line":68,"column":26},"end":{"line":71,"column":null}},"type":"binary-expr","locations":[{"start":{"line":68,"column":26},"end":{"line":68,"column":43}},{"start":{"line":69,"column":12},"end":{"line":70,"column":null}}]},"6":{"loc":{"start":{"line":74,"column":12},"end":{"line":88,"column":null}},"type":"cond-expr","locations":[{"start":{"line":75,"column":14},"end":{"line":81,"column":null}},{"start":{"line":84,"column":14},"end":{"line":87,"column":null}}]},"7":{"loc":{"start":{"line":78,"column":24},"end":{"line":78,"column":57}},"type":"cond-expr","locations":[{"start":{"line":78,"column":39},"end":{"line":78,"column":49}},{"start":{"line":78,"column":52},"end":{"line":78,"column":57}}]},"8":{"loc":{"start":{"line":84,"column":14},"end":{"line":87,"column":null}},"type":"binary-expr","locations":[{"start":{"line":84,"column":14},"end":{"line":84,"column":26}},{"start":{"line":85,"column":16},"end":{"line":86,"column":null}}]}},"s":{"0":0,"1":0,"2":0,"3":0,"4":0,"5":0,"6":0,"7":0,"8":0},"f":{"0":0,"1":0},"b":{"0":[0],"1":[0],"2":[0],"3":[0,0],"4":[0,0],"5":[0,0],"6":[0,0],"7":[0,0],"8":[0,0]}}
,"C:\\design_systems\\AuraKitUI\\src\\components\\Navbar\\index.tsx": {"path":"C:\\design_systems\\AuraKitUI\\src\\components\\Navbar\\index.tsx","statementMap":{"0":{"start":{"line":1,"column":0},"end":{"line":1,"column":60}},"1":{"start":{"line":2,"column":0},"end":{"line":2,"column":31}},"2":{"start":{"line":3,"column":0},"end":{"line":3,"column":44}},"3":{"start":{"line":14,"column":22},"end":{"line":51,"column":1}},"4":{"start":{"line":31,"column":2},"end":{"line":50,"column":4}},"5":{"start":{"line":14,"column":13},"end":{"line":14,"column":22}}},"fnMap":{"0":{"name":"(anonymous_0)","decl":{"start":{"line":14,"column":22},"end":{"line":14,"column":23}},"loc":{"start":{"line":30,"column":12},"end":{"line":51,"column":1}}}},"branchMap":{"0":{"loc":{"start":{"line":16,"column":2},"end":{"line":16,"column":25}},"type":"default-arg","locations":[{"start":{"line":16,"column":18},"end":{"line":16,"column":25}}]},"1":{"loc":{"start":{"line":17,"column":2},"end":{"line":24,"column":null}},"type":"default-arg","locations":[{"start":{"line":17,"column":16},"end":{"line":24,"column":null}}]},"2":{"loc":{"start":{"line":25,"column":2},"end":{"line":27,"column":null}},"type":"default-arg","locations":[{"start":{"line":25,"column":15},"end":{"line":27,"column":null}}]},"3":{"loc":{"start":{"line":47,"column":9},"end":{"line":47,"column":27}},"type":"binary-expr","locations":[{"start":{"line":47,"column":9},"end":{"line":47,"column":16}},{"start":{"line":47,"column":20},"end":{"line":47,"column":27}}]}},"s":{"0":0,"1":0,"2":0,"3":0,"4":0,"5":0},"f":{"0":0},"b":{"0":[0],"1":[0],"2":[0],"3":[0,0]}}
,"C:\\design_systems\\AuraKitUI\\src\\components\\SpeedDial\\index.tsx": {"path":"C:\\design_systems\\AuraKitUI\\src\\components\\SpeedDial\\index.tsx","statementMap":{"0":{"start":{"line":1,"column":0},"end":{"line":1,"column":26}},"1":{"start":{"line":2,"column":0},"end":{"line":2,"column":36}},"2":{"start":{"line":3,"column":0},"end":{"line":3,"column":null}},"3":{"start":{"line":8,"column":0},"end":{"line":8,"column":31}},"4":{"start":{"line":10,"column":0},"end":{"line":10,"column":44}},"5":{"start":{"line":25,"column":25},"end":{"line":98,"column":1}},"6":{"start":{"line":31,"column":26},"end":{"line":31,"column":47}},"7":{"start":{"line":32,"column":21},"end":{"line":32,"column":40}},"8":{"start":{"line":32,"column":27},"end":{"line":32,"column":40}},"9":{"start":{"line":33,"column":22},"end":{"line":33,"column":42}},"10":{"start":{"line":33,"column":28},"end":{"line":33,"column":42}},"11":{"start":{"line":35,"column":25},"end":{"line":50,"column":4}},"12":{"start":{"line":52,"column":20},"end":{"line":52,"column":46}},"13":{"start":{"line":54,"column":2},"end":{"line":97,"column":4}},"14":{"start":{"line":80,"column":10},"end":{"line":81,"column":null}},"15":{"start":{"line":25,"column":13},"end":{"line":25,"column":25}}},"fnMap":{"0":{"name":"(anonymous_1)","decl":{"start":{"line":25,"column":25},"end":{"line":25,"column":26}},"loc":{"start":{"line":30,"column":25},"end":{"line":98,"column":1}}},"1":{"name":"(anonymous_2)","decl":{"start":{"line":32,"column":21},"end":{"line":32,"column":24}},"loc":{"start":{"line":32,"column":27},"end":{"line":32,"column":40}}},"2":{"name":"(anonymous_3)","decl":{"start":{"line":33,"column":22},"end":{"line":33,"column":25}},"loc":{"start":{"line":33,"column":28},"end":{"line":33,"column":42}}},"3":{"name":"(anonymous_4)","decl":{"start":{"line":79,"column":21},"end":{"line":79,"column":22}},"loc":{"start":{"line":80,"column":10},"end":{"line":81,"column":null}}}},"branchMap":{"0":{"loc":{"start":{"line":28,"column":2},"end":{"line":28,"column":18}},"type":"default-arg","locations":[{"start":{"line":28,"column":9},"end":{"line":28,"column":18}}]},"1":{"loc":{"start":{"line":29,"column":2},"end":{"line":29,"column":12}},"type":"default-arg","locations":[{"start":{"line":29,"column":10},"end":{"line":29,"column":12}}]}},"s":{"0":0,"1":0,"2":0,"3":0,"4":0,"5":0,"6":0,"7":0,"8":0,"9":0,"10":0,"11":0,"12":0,"13":0,"14":0,"15":0},"f":{"0":0,"1":0,"2":0,"3":0},"b":{"0":[0],"1":[0]}}
}
