TN:
SF:src\components\Button\index.tsx
FN:14,(anonymous_0)
FNF:1
FNH:1
FNDA:10,(anonymous_0)
DA:1,1
DA:2,1
DA:14,1
DA:22,10
LF:4
LH:4
BRDA:18,0,0,7
BRDA:19,1,0,9
BRDA:28,2,0,1
BRDA:28,2,1,9
BRF:4
BRH:4
end_of_record
TN:
SF:src\components\Button\types\index.ts
FNF:0
FNH:0
DA:1,1
DA:3,1
DA:24,1
LF:3
LH:3
BRF:0
BRH:0
end_of_record
TN:
SF:src\components\Icon\index.tsx
FN:12,(anonymous_0)
FNF:1
FNH:0
FNDA:0,(anonymous_0)
DA:2,0
DA:12,0
DA:19,0
DA:21,0
LF:4
LH:0
BRDA:14,0,0,0
BRDA:15,1,0,0
BRDA:17,2,0,0
BRDA:21,3,0,0
BRDA:21,3,1,0
BRF:5
BRH:0
end_of_record
TN:
SF:src\components\IconButton\index.tsx
FN:16,(anonymous_0)
FNF:1
FNH:0
FNDA:0,(anonymous_0)
DA:1,0
DA:2,0
DA:4,0
DA:16,0
DA:25,0
DA:46,0
DA:67,0
DA:73,0
LF:8
LH:0
BRDA:21,0,0,0
BRDA:22,1,0,0
BRDA:23,2,0,0
BRDA:67,3,0,0
BRDA:67,3,1,0
BRDA:69,4,0,0
BRDA:69,4,1,0
BRDA:76,5,0,0
BRDA:76,5,1,0
BRF:9
BRH:0
end_of_record
TN:
SF:src\components\Input\index.tsx
FN:20,(anonymous_0)
FN:35,(anonymous_1)
FNF:2
FNH:0
FNDA:0,(anonymous_0)
FNDA:0,(anonymous_1)
DA:1,0
DA:2,0
DA:3,0
DA:20,0
DA:34,0
DA:35,0
DA:36,0
DA:38,0
LF:8
LH:0
BRDA:25,0,0,0
BRDA:27,1,0,0
BRDA:29,2,0,0
BRDA:43,3,0,0
BRDA:43,3,1,0
BRDA:43,4,0,0
BRDA:43,4,1,0
BRDA:68,5,0,0
BRDA:68,5,1,0
BRDA:74,6,0,0
BRDA:74,6,1,0
BRDA:78,7,0,0
BRDA:78,7,1,0
BRDA:84,8,0,0
BRDA:84,8,1,0
BRF:15
BRH:0
end_of_record
TN:
SF:src\components\Navbar\index.tsx
FN:14,(anonymous_0)
FNF:1
FNH:0
FNDA:0,(anonymous_0)
DA:1,0
DA:2,0
DA:3,0
DA:14,0
DA:31,0
LF:5
LH:0
BRDA:16,0,0,0
BRDA:17,1,0,0
BRDA:25,2,0,0
BRDA:47,3,0,0
BRDA:47,3,1,0
BRF:5
BRH:0
end_of_record
TN:
SF:src\components\SpeedDial\index.tsx
FN:25,(anonymous_1)
FN:32,(anonymous_2)
FN:33,(anonymous_3)
FN:79,(anonymous_4)
FNF:4
FNH:0
FNDA:0,(anonymous_1)
FNDA:0,(anonymous_2)
FNDA:0,(anonymous_3)
FNDA:0,(anonymous_4)
DA:1,0
DA:2,0
DA:3,0
DA:8,0
DA:10,0
DA:25,0
DA:31,0
DA:32,0
DA:33,0
DA:35,0
DA:52,0
DA:54,0
DA:80,0
LF:13
LH:0
BRDA:28,0,0,0
BRDA:29,1,0,0
BRF:2
BRH:0
end_of_record
